1714756635432:i kjhbfgfh iasdfj 50
1714756752176:i dlfkjnv skjdnd 30
1714756766309:sh
1714758156985:i kjhsdbf dkjbnd 60
1715080898538:i fhfkj jnckj 50
1715081250121:i kjfhk dhbfj 50
1715081592349:i kdjcn ldkjnc 40
1715081632205:i kdfhjb kdjhb 20
1715083580234:i alesha ivanov 30
1715083597419:i evstrat ignatov 20
1715083612556:sh
1715083640839:d 1
1715083671128:d 2
1715083683243:sh
1715083709529:i karas ivanovish 30
1715083723664:i evstrat abrosim 80
1715083731748:sh
1715083741849:d 1
1715083745888:sh
1715083849007:i jdh fhjb 20
1715083857071:i fkjvhlkj fjhn;fjnfjn 40
1715083860077:sh
1715083866157:d 1
1715085343212:i kfdjhbefjh dhbkjhd 30
1715085350259:i dkjw wopihwpjendwj 40
1715085360348:d 2
