1714406876314:init Р’Р°СЃСЏ
1714406909555:init Maik
1714407308026:init Р’Р°СЃСЏ
1714407572470:init РІР°СЃСЏ
1714407709455:init Ivan Ivanich 35
1714408113020:init --n Mike --l Ivanovich --a 30
1714408444530:init --n jfbn -- l skduhfbgl --a 37
1714408458637:init --n jfbn --l skduhfbgl --a 37
1714408475822:init --n dfss -- l ewcdsf --a 40
1714408532279:init --n jfbn --l skduhfbgl --a 90
1714473206852:i liwdb wdibd 30
1714473215943:i djhbc dib 40
1714473226036:i djcnj ouidc 28
1714473233066:sh
1714473792122:i erfbjnef eihcbje 30
1714473799172:i djhb dicbd 50
1714473809240:sh
1714473828402:d 1
1714473845545:sh
1714473867785:d 5
1714473919258:3
1714473926320:d 3
1714474618413:i dfhvb dfjhvn 40
1714474623447:c
1714474634547:sh
1714477726585:i lkhjghg gjhb 80
1714477834791:i wdehnflkj ejnlek 40
